<?xml version="1.0" encoding="UTF-8"?>
<testng-results ignored="0" total="3" passed="3" failed="0" skipped="0">
  <reporter-output>
    <line>
      <![CDATA[Element [[ChromeDriver: chrome on WINDOWS (b6c0f35618ef2661c8925d4b55fdf7a1)] -> xpath: //*[contains(text(),'Skills')]/following-sibling::*//*[@id='Skills']] could not be clicked! element click intercepted: Element <select type="text" class="form-control ng-pristine ng-untouched ng-valid" id="Skills" ng-model="Skill" ng-init="Skill=''">...</select> is not clickable at point (613, 279). Other element would receive the click: <a style="text-decoration:none" class="ui-corner-all">...</a>
  (Session info: chrome=127.0.6533.100)
Build info: version: '3.141.59', revision: 'e82be7d358', time: '2018-11-14T08:17:03'
System info: host: 'NDI-LAP-295', ip: '192.168.0.101', os.name: 'Windows 11', os.arch: 'amd64', os.version: '10.0', java.version: '21.0.4'
Driver info: org.openqa.selenium.chrome.ChromeDriver
Capabilities {acceptInsecureCerts: false, browserName: chrome, browserVersion: 127.0.6533.100, chrome: {chromedriverVersion: 127.0.6533.99 (f31af5097d90..., userDataDir: C:\Users\AVINAS~1.BAN\AppDa...}, fedcm:accounts: true, goog:chromeOptions: {debuggerAddress: localhost:54346}, javascriptEnabled: true, networkConnectionEnabled: false, pageLoadStrategy: normal, platform: WINDOWS, platformName: WINDOWS, proxy: Proxy(), setWindowRect: true, strictFileInteractability: false, timeouts: {implicit: 0, pageLoad: 300000, script: 30000}, unhandledPromptBehavior: dismiss and notify, webauthn:extension:credBlob: true, webauthn:extension:largeBlob: true, webauthn:extension:minPinLength: true, webauthn:extension:prf: true, webauthn:virtualAuthenticators: true}
Session ID: b6c0f35618ef2661c8925d4b55fdf7a1]]>
    </line>
    <line>
      <![CDATA[Element [[ChromeDriver: chrome on WINDOWS (426ea471310a451fe75c74139089c607)] -> xpath: //*[contains(text(),'Skills')]/following-sibling::*//*[@id='Skills']] could not be clicked! element click intercepted: Element <select type="text" class="form-control ng-pristine ng-untouched ng-valid" id="Skills" ng-model="Skill" ng-init="Skill=''">...</select> is not clickable at point (613, 174). Other element would receive the click: <a style="text-decoration:none" class="ui-corner-all">...</a>
  (Session info: chrome=127.0.6533.100)
Build info: version: '3.141.59', revision: 'e82be7d358', time: '2018-11-14T08:17:03'
System info: host: 'NDI-LAP-295', ip: '192.168.0.101', os.name: 'Windows 11', os.arch: 'amd64', os.version: '10.0', java.version: '21.0.4'
Driver info: org.openqa.selenium.chrome.ChromeDriver
Capabilities {acceptInsecureCerts: false, browserName: chrome, browserVersion: 127.0.6533.100, chrome: {chromedriverVersion: 127.0.6533.99 (f31af5097d90..., userDataDir: C:\Users\AVINAS~1.BAN\AppDa...}, fedcm:accounts: true, goog:chromeOptions: {debuggerAddress: localhost:54422}, javascriptEnabled: true, networkConnectionEnabled: false, pageLoadStrategy: normal, platform: WINDOWS, platformName: WINDOWS, proxy: Proxy(), setWindowRect: true, strictFileInteractability: false, timeouts: {implicit: 0, pageLoad: 300000, script: 30000}, unhandledPromptBehavior: dismiss and notify, webauthn:extension:credBlob: true, webauthn:extension:largeBlob: true, webauthn:extension:minPinLength: true, webauthn:extension:prf: true, webauthn:virtualAuthenticators: true}
Session ID: 426ea471310a451fe75c74139089c607]]>
    </line>
  </reporter-output>
  <suite started-at="2024-08-12T12:09:47 IST" name="Default suite" finished-at="2024-08-12T12:12:23 IST" duration-ms="155372">
    <groups>
      <group name="cucumber">
        <method signature="AbstractTestNGCucumberTests.runScenario(io.cucumber.testng.PickleWrapper,io.cucumber.testng.FeatureWrapper)[pri:0, instance:com.Cucumber_BDD_Hybrid.stepDefinitions.AutomationDemoSiteVerification@5fe94a96]" name="runScenario" class="io.cucumber.testng.AbstractTestNGCucumberTests"/>
      </group> <!-- cucumber -->
    </groups>
    <test started-at="2024-08-12T12:09:47 IST" name="Default test" finished-at="2024-08-12T12:12:23 IST" duration-ms="155372">
      <class name="com.Cucumber_BDD_Hybrid.stepDefinitions.AutomationDemoSiteVerification">
        <test-method is-config="true" signature="setUpClass(org.testng.ITestContext)[pri:0, instance:com.Cucumber_BDD_Hybrid.stepDefinitions.AutomationDemoSiteVerification@5fe94a96]" started-at="2024-08-12T12:09:47 IST" name="setUpClass" finished-at="2024-08-12T12:09:48 IST" duration-ms="816" status="PASS">
          <params>
            <param index="0">
              <value>
                <![CDATA[org.testng.TestRunner@2de96eba]]>
              </value>
            </param>
          </params>
          <reporter-output>
          </reporter-output>
        </test-method> <!-- setUpClass -->
        <test-method signature="runScenario(io.cucumber.testng.PickleWrapper,io.cucumber.testng.FeatureWrapper)[pri:0, instance:com.Cucumber_BDD_Hybrid.stepDefinitions.AutomationDemoSiteVerification@5fe94a96]" started-at="2024-08-12T12:09:48 IST" name="runScenario" description="Runs Cucumber Scenarios" data-provider="scenarios" finished-at="2024-08-12T12:10:06 IST" duration-ms="17517" status="PASS">
          <params>
            <param index="0">
              <value>
                <![CDATA["Automation demo aplication element verifycation"]]>
              </value>
            </param>
            <param index="1">
              <value>
                <![CDATA["Optional[Submit Automation demo - Login page]"]]>
              </value>
            </param>
          </params>
          <reporter-output>
          </reporter-output>
        </test-method> <!-- runScenario -->
        <test-method signature="runScenario(io.cucumber.testng.PickleWrapper,io.cucumber.testng.FeatureWrapper)[pri:0, instance:com.Cucumber_BDD_Hybrid.stepDefinitions.AutomationDemoSiteVerification@5fe94a96]" started-at="2024-08-12T12:10:06 IST" name="runScenario" description="Runs Cucumber Scenarios" data-provider="scenarios" finished-at="2024-08-12T12:11:15 IST" duration-ms="69456" status="PASS">
          <params>
            <param index="0">
              <value>
                <![CDATA["Automation demo page click on the refresh button"]]>
              </value>
            </param>
            <param index="1">
              <value>
                <![CDATA["Optional[Submit Automation demo - Login page]"]]>
              </value>
            </param>
          </params>
          <reporter-output>
            <line>
              <![CDATA[Element [[ChromeDriver: chrome on WINDOWS (b6c0f35618ef2661c8925d4b55fdf7a1)] -> xpath: //*[contains(text(),'Skills')]/following-sibling::*//*[@id='Skills']] could not be clicked! element click intercepted: Element <select type="text" class="form-control ng-pristine ng-untouched ng-valid" id="Skills" ng-model="Skill" ng-init="Skill=''">...</select> is not clickable at point (613, 279). Other element would receive the click: <a style="text-decoration:none" class="ui-corner-all">...</a>
  (Session info: chrome=127.0.6533.100)
Build info: version: '3.141.59', revision: 'e82be7d358', time: '2018-11-14T08:17:03'
System info: host: 'NDI-LAP-295', ip: '192.168.0.101', os.name: 'Windows 11', os.arch: 'amd64', os.version: '10.0', java.version: '21.0.4'
Driver info: org.openqa.selenium.chrome.ChromeDriver
Capabilities {acceptInsecureCerts: false, browserName: chrome, browserVersion: 127.0.6533.100, chrome: {chromedriverVersion: 127.0.6533.99 (f31af5097d90..., userDataDir: C:\Users\AVINAS~1.BAN\AppDa...}, fedcm:accounts: true, goog:chromeOptions: {debuggerAddress: localhost:54346}, javascriptEnabled: true, networkConnectionEnabled: false, pageLoadStrategy: normal, platform: WINDOWS, platformName: WINDOWS, proxy: Proxy(), setWindowRect: true, strictFileInteractability: false, timeouts: {implicit: 0, pageLoad: 300000, script: 30000}, unhandledPromptBehavior: dismiss and notify, webauthn:extension:credBlob: true, webauthn:extension:largeBlob: true, webauthn:extension:minPinLength: true, webauthn:extension:prf: true, webauthn:virtualAuthenticators: true}
Session ID: b6c0f35618ef2661c8925d4b55fdf7a1]]>
            </line>
          </reporter-output>
        </test-method> <!-- runScenario -->
        <test-method signature="runScenario(io.cucumber.testng.PickleWrapper,io.cucumber.testng.FeatureWrapper)[pri:0, instance:com.Cucumber_BDD_Hybrid.stepDefinitions.AutomationDemoSiteVerification@5fe94a96]" started-at="2024-08-12T12:11:15 IST" name="runScenario" description="Runs Cucumber Scenarios" data-provider="scenarios" finished-at="2024-08-12T12:12:19 IST" duration-ms="64014" status="PASS">
          <params>
            <param index="0">
              <value>
                <![CDATA["Automation demo page Submit the data"]]>
              </value>
            </param>
            <param index="1">
              <value>
                <![CDATA["Optional[Submit Automation demo - Login page]"]]>
              </value>
            </param>
          </params>
          <reporter-output>
            <line>
              <![CDATA[Element [[ChromeDriver: chrome on WINDOWS (426ea471310a451fe75c74139089c607)] -> xpath: //*[contains(text(),'Skills')]/following-sibling::*//*[@id='Skills']] could not be clicked! element click intercepted: Element <select type="text" class="form-control ng-pristine ng-untouched ng-valid" id="Skills" ng-model="Skill" ng-init="Skill=''">...</select> is not clickable at point (613, 174). Other element would receive the click: <a style="text-decoration:none" class="ui-corner-all">...</a>
  (Session info: chrome=127.0.6533.100)
Build info: version: '3.141.59', revision: 'e82be7d358', time: '2018-11-14T08:17:03'
System info: host: 'NDI-LAP-295', ip: '192.168.0.101', os.name: 'Windows 11', os.arch: 'amd64', os.version: '10.0', java.version: '21.0.4'
Driver info: org.openqa.selenium.chrome.ChromeDriver
Capabilities {acceptInsecureCerts: false, browserName: chrome, browserVersion: 127.0.6533.100, chrome: {chromedriverVersion: 127.0.6533.99 (f31af5097d90..., userDataDir: C:\Users\AVINAS~1.BAN\AppDa...}, fedcm:accounts: true, goog:chromeOptions: {debuggerAddress: localhost:54422}, javascriptEnabled: true, networkConnectionEnabled: false, pageLoadStrategy: normal, platform: WINDOWS, platformName: WINDOWS, proxy: Proxy(), setWindowRect: true, strictFileInteractability: false, timeouts: {implicit: 0, pageLoad: 300000, script: 30000}, unhandledPromptBehavior: dismiss and notify, webauthn:extension:credBlob: true, webauthn:extension:largeBlob: true, webauthn:extension:minPinLength: true, webauthn:extension:prf: true, webauthn:virtualAuthenticators: true}
Session ID: 426ea471310a451fe75c74139089c607]]>
            </line>
          </reporter-output>
        </test-method> <!-- runScenario -->
        <test-method is-config="true" signature="tearDownClass()[pri:0, instance:com.Cucumber_BDD_Hybrid.stepDefinitions.AutomationDemoSiteVerification@5fe94a96]" started-at="2024-08-12T12:12:19 IST" name="tearDownClass" finished-at="2024-08-12T12:12:23 IST" duration-ms="3536" status="PASS">
          <reporter-output>
          </reporter-output>
        </test-method> <!-- tearDownClass -->
      </class> <!-- com.Cucumber_BDD_Hybrid.stepDefinitions.AutomationDemoSiteVerification -->
    </test> <!-- Default test -->
  </suite> <!-- Default suite -->
</testng-results>
